TN:
SF:src/DLRS.sol
DA:21,31
FN:21,DLRS.onlyDollarStore
FNDA:31,DLRS.onlyDollarStore
DA:22,31
BRDA:22,0,0,1
DA:27,91
FN:27,DLRS.constructor
FNDA:91,DLRS.constructor
DA:28,91
BRDA:28,1,0,1
DA:29,90
DA:33,1
FN:33,DLRS.decimals
FNDA:1,DLRS.decimals
DA:34,1
DA:40,30
FN:40,DLRS.mint
FNDA:30,DLRS.mint
DA:41,30
DA:47,7
FN:47,DLRS.burn
FNDA:7,DLRS.burn
DA:48,7
DA:52,1
FN:52,DLRS.approve
FNDA:1,DLRS.approve
DA:53,1
DA:57,1
FN:57,DLRS.transfer
FNDA:1,DLRS.transfer
DA:58,1
DA:62,1
FN:62,DLRS.transferFrom
FNDA:1,DLRS.transferFrom
DA:63,1
FNF:8
FNH:8
LF:17
LH:17
BRF:2
BRH:2
end_of_record
TN:
SF:src/DollarStore.sol
DA:34,4
FN:34,DollarStore.onlyGovernor
FNDA:4,DollarStore.onlyGovernor
DA:35,4
BRDA:35,0,0,1
DA:40,3
FN:40,DollarStore.onlyGuardian
FNDA:3,DollarStore.onlyGuardian
DA:41,3
BRDA:41,1,0,1
DA:50,98
FN:50,DollarStore.constructor
FNDA:98,DollarStore.constructor
DA:51,0
DA:60,92
FN:60,DollarStore.initialize
FNDA:92,DollarStore.initialize
DA:61,92
BRDA:61,2,0,1
DA:62,91
BRDA:62,3,0,1
DA:64,0
DA:68,90
DA:69,90
DA:70,90
DA:71,90
DA:74,90
DA:75,90
DA:76,90
DA:82,5
FN:82,DollarStore.governor
FNDA:5,DollarStore.governor
DA:83,5
DA:87,4
FN:87,DollarStore.guardian
FNDA:4,DollarStore.guardian
DA:88,4
DA:92,5
FN:92,DollarStore.pendingGovernor
FNDA:5,DollarStore.pendingGovernor
DA:93,5
DA:97,3
FN:97,DollarStore.pendingGuardian
FNDA:3,DollarStore.pendingGuardian
DA:98,3
DA:102,60
FN:102,DollarStore.dlrs
FNDA:60,DollarStore.dlrs
DA:103,60
DA:107,1
FN:107,DollarStore.version
FNDA:1,DollarStore.version
DA:108,1
DA:115,5
FN:115,DollarStore.transferGovernor
FNDA:5,DollarStore.transferGovernor
DA:116,5
BRDA:116,4,0,1
DA:117,4
DA:118,4
DA:119,4
DA:124,4
FN:124,DollarStore.acceptGovernor
FNDA:4,DollarStore.acceptGovernor
DA:125,4
DA:126,4
BRDA:126,5,0,1
DA:127,3
DA:128,3
DA:129,3
DA:130,3
DA:137,3
FN:137,DollarStore.transferGuardian
FNDA:3,DollarStore.transferGuardian
DA:138,3
BRDA:138,6,0,1
DA:139,2
DA:140,2
DA:141,2
DA:146,2
FN:146,DollarStore.acceptGuardian
FNDA:2,DollarStore.acceptGuardian
DA:147,2
DA:148,2
BRDA:148,7,0,1
DA:149,1
DA:150,1
DA:151,1
DA:152,1
DA:159,4
FN:159,DollarStore.pause
FNDA:4,DollarStore.pause
DA:160,0
DA:165,2
FN:165,DollarStore.unpause
FNDA:2,DollarStore.unpause
DA:166,0
DA:175,144
FN:175,DollarStore.addHubAsset
FNDA:144,DollarStore.addHubAsset
DA:176,144
BRDA:176,8,0,2
DA:178,142
DA:179,1
BRDA:179,9,0,1
DA:181,141
DA:182,141
DA:184,140
DA:187,140
DA:189,140
DA:193,2
FN:193,DollarStore.isAssetListed
FNDA:2,DollarStore.isAssetListed
DA:194,2
DA:198,3
FN:198,DollarStore.assetDecimals
FNDA:3,DollarStore.assetDecimals
DA:199,3
DA:203,3
FN:203,DollarStore.assetScalingFactor
FNDA:3,DollarStore.assetScalingFactor
DA:204,3
DA:208,1
FN:208,DollarStore.assetPoolId
FNDA:1,DollarStore.assetPoolId
DA:209,1
DA:213,1
FN:213,DollarStore.assetPriceFeed
FNDA:1,DollarStore.assetPriceFeed
DA:214,1
DA:218,27
FN:218,DollarStore.getReserve
FNDA:27,DollarStore.getReserve
DA:219,27
DA:223,1
FN:223,DollarStore.poolCount
FNDA:1,DollarStore.poolCount
DA:224,1
DA:228,4
FN:228,DollarStore.getPoolAssets
FNDA:4,DollarStore.getPoolAssets
DA:229,4
DA:230,4
BRDA:230,10,0,1
DA:231,3
DA:235,1
FN:235,DollarStore.getReserves
FNDA:1,DollarStore.getReserves
DA:241,1
DA:242,1
BRDA:242,11,0,0
DA:243,1
DA:244,1
DA:245,1
DA:246,2
DA:257,32
FN:257,DollarStore.deposit
FNDA:32,DollarStore.deposit
DA:264,32
BRDA:264,12,0,1
DA:266,31
DA:267,31
DA:268,31
BRDA:268,13,0,1
DA:269,30
BRDA:269,14,0,1
DA:270,29
BRDA:270,15,0,0
DA:272,29
DA:273,29
BRDA:273,16,0,1
DA:276,28
DA:277,28
DA:278,28
DA:279,28
BRDA:279,17,0,1
DA:281,27
DA:282,27
DA:284,27
DA:286,27
DA:292,11
FN:292,DollarStore.withdraw
FNDA:11,DollarStore.withdraw
DA:298,11
BRDA:298,18,0,0
DA:299,11
BRDA:299,19,0,1
DA:301,10
DA:302,10
DA:303,10
BRDA:303,20,0,1
DA:304,9
BRDA:304,21,0,1
DA:305,8
BRDA:305,22,0,0
DA:307,8
DA:308,8
BRDA:308,23,0,1
DA:311,7
DA:312,6
DA:314,6
DA:315,6
DA:317,6
DA:326,37
FN:326,DollarStore.swap
FNDA:37,DollarStore.swap
DA:334,37
BRDA:334,24,0,1
DA:335,36
BRDA:335,25,0,1
DA:337,35
DA:339,35
DA:340,33
BRDA:340,26,0,1
DA:342,32
DA:344,32
DA:345,32
DA:347,32
BRDA:347,27,0,1
DA:349,31
BRDA:349,28,0,10
DA:350,10
DA:353,31
BRDA:353,29,0,23
DA:354,23
DA:355,0
DA:358,30
DA:363,5
FN:363,DollarStore.swapExactInput
FNDA:5,DollarStore.swapExactInput
DA:370,5
BRDA:370,30,0,1
DA:372,4
DA:374,4
DA:375,4
BRDA:375,31,0,1
DA:377,3
DA:379,3
DA:380,3
BRDA:380,32,0,1
DA:382,2
DA:383,2
BRDA:383,33,0,1
DA:385,1
DA:386,1
DA:392,6
FN:392,DollarStore.cancelQueue
FNDA:6,DollarStore.cancelQueue
DA:393,6
DA:394,6
DA:395,6
BRDA:395,34,0,1
DA:396,5
BRDA:396,35,0,1
DA:398,4
DA:400,4
DA:401,4
BRDA:401,36,0,3
BRDA:401,36,1,0
DA:402,3
DA:404,1
DA:405,1
DA:406,1
DA:413,3
FN:413,DollarStore.processQueue
FNDA:3,DollarStore.processQueue
DA:420,3
DA:421,3
DA:423,3
DA:424,3
DA:426,7
DA:427,5
DA:428,5
DA:429,5
DA:430,5
DA:432,5
DA:433,5
BRDA:433,37,0,1
DA:435,4
DA:437,3
BRDA:437,38,0,3
BRDA:437,38,1,0
DA:438,3
DA:439,3
DA:440,3
DA:441,3
BRDA:441,39,0,3
BRDA:441,39,1,1
DA:442,2
DA:443,3
DA:445,1
DA:446,1
DA:449,1
DA:450,1
DA:451,1
DA:452,1
DA:455,3
DA:456,4
DA:463,13
FN:463,DollarStore.getQueueDepth
FNDA:13,DollarStore.getQueueDepth
DA:464,13
DA:468,2
FN:468,DollarStore.getQueuePosition
FNDA:2,DollarStore.getQueuePosition
DA:474,2
DA:475,2
DA:479,15
FN:479,DollarStore.getUserQueuePositions
FNDA:15,DollarStore.getUserQueuePositions
DA:480,15
DA:484,1
FN:484,DollarStore.getMinimumOrderSize
FNDA:1,DollarStore.getMinimumOrderSize
DA:485,1
DA:486,1
DA:490,5
FN:490,DollarStore.getSwapQuote
FNDA:5,DollarStore.getSwapQuote
DA:496,5
DA:497,5
DA:498,5
DA:499,5
BRDA:499,40,0,3
DA:500,3
DA:503,2
DA:505,2
BRDA:505,41,0,1
DA:506,1
DA:509,1
DA:510,1
BRDA:510,42,0,0
DA:512,1
DA:513,1
DA:514,1
DA:520,39
FN:520,DollarStore._validateRoute
FNDA:39,DollarStore._validateRoute
DA:525,39
BRDA:525,43,0,1
DA:526,38
DA:527,38
DA:528,38
DA:529,38
BRDA:529,44,0,1
DA:530,37
BRDA:530,45,0,0
DA:531,37
BRDA:531,46,0,0
DA:532,37
DA:533,37
DA:537,35
FN:537,DollarStore._pullExact
FNDA:35,DollarStore._pullExact
DA:538,35
DA:539,35
DA:540,35
DA:541,35
BRDA:541,47,0,0
DA:547,35
FN:547,DollarStore._fillDirected
FNDA:35,DollarStore._fillDirected
DA:554,35
DA:555,35
DA:556,35
DA:559,35
DA:560,41
DA:561,6
DA:562,6
DA:563,6
DA:564,6
DA:565,6
DA:567,5
BRDA:567,48,0,5
BRDA:567,48,1,0
DA:568,5
DA:569,5
DA:570,5
BRDA:570,49,0,5
BRDA:570,49,1,1
DA:571,4
DA:572,5
DA:574,1
DA:575,1
DA:579,1
DA:580,1
DA:581,1
DA:582,1
DA:584,0
DA:588,35
BRDA:588,50,0,31
DA:589,31
BRDA:589,51,0,25
DA:590,25
DA:591,25
DA:592,25
BRDA:592,52,0,10
DA:593,10
DA:594,10
DA:595,10
DA:596,10
DA:604,23
FN:604,DollarStore._enqueueRemainder
FNDA:23,DollarStore._enqueueRemainder
DA:605,23
DA:606,23
DA:607,23
BRDA:607,53,0,0
DA:609,23
DA:611,23
BRDA:611,54,0,1
DA:613,22
DA:614,22
DA:618,14
FN:618,DollarStore._tryTransfer
FNDA:14,DollarStore._tryTransfer
DA:619,14
BRDA:619,55,0,0
DA:620,14
DA:621,14
DA:629,6
FN:629,DollarStore._authorizeUpgrade
FNDA:6,DollarStore._authorizeUpgrade
FNF:43
FNH:43
LF:276
LH:270
BRF:61
BRH:48
end_of_record
TN:
SF:src/libraries/NormalizationLib.sol
DA:25,402
FN:25,NormalizationLib.scalingFactor
FNDA:402,NormalizationLib.scalingFactor
DA:26,402
BRDA:26,0,0,3
DA:27,399
DA:36,324
FN:36,NormalizationLib.toUnits
FNDA:324,NormalizationLib.toUnits
DA:37,324
DA:38,324
DA:45,290
FN:45,NormalizationLib.toNative
FNDA:290,NormalizationLib.toNative
DA:46,290
FNF:3
FNH:3
LF:8
LH:8
BRF:1
BRH:1
end_of_record
TN:
SF:src/libraries/QueueLib.sol
DA:17,30
FN:17,QueueLib.minimumOrderSize
FNDA:30,QueueLib.minimumOrderSize
DA:18,30
DA:19,30
DA:20,30
DA:21,9
DA:23,30
DA:28,22
FN:28,QueueLib.enqueue
FNDA:22,QueueLib.enqueue
DA:35,22
DA:36,22
DA:38,22
DA:39,22
DA:40,22
DA:41,22
DA:42,22
DA:43,22
DA:44,22
DA:45,22
DA:46,22
DA:47,22
DA:49,22
BRDA:49,0,0,17
BRDA:49,0,1,5
DA:50,17
DA:52,5
DA:54,22
DA:55,22
DA:56,22
DA:58,22
DA:59,22
DA:63,2
FN:63,QueueLib.reduce
FNDA:2,QueueLib.reduce
DA:64,2
DA:65,2
DA:66,2
DA:67,2
DA:68,2
DA:75,12
FN:75,QueueLib.remove
FNDA:12,QueueLib.remove
DA:79,12
DA:80,12
DA:81,12
DA:82,12
DA:83,12
DA:85,12
DA:86,12
DA:89,12
BRDA:89,1,0,11
BRDA:89,1,1,1
DA:90,11
DA:92,1
DA:94,12
BRDA:94,2,0,8
BRDA:94,2,1,4
DA:95,8
DA:97,4
DA:100,12
DA:101,12
DA:102,12
DA:104,12
DA:109,12
FN:109,QueueLib._removeUserPosition
FNDA:12,QueueLib._removeUserPosition
DA:110,12
DA:111,12
DA:112,12
DA:113,12
BRDA:113,3,0,12
DA:114,12
DA:115,12
DA:116,0
FNF:5
FNH:5
LF:59
LH:58
BRF:7
BRH:7
end_of_record
TN:
SF:src/storage/CoreStorage.sol
DA:36,391
FN:36,CoreStorage.layout
FNDA:391,CoreStorage.layout
DA:38,0
FNF:1
FNH:1
LF:2
LH:1
BRF:0
BRH:0
end_of_record
TN:
SF:src/storage/QueueStorage.sol
DA:92,110
FN:92,QueueStorage.layout
FNDA:110,QueueStorage.layout
DA:94,0
DA:102,149
FN:102,QueueStorage.queueKey
FNDA:149,QueueStorage.queueKey
DA:103,149
FNF:2
FNH:2
LF:4
LH:3
BRF:0
BRH:0
end_of_record
TN:
SF:src/storage/RegistryStorage.sol
DA:69,416
FN:69,RegistryStorage.layout
FNDA:416,RegistryStorage.layout
DA:71,0
FNF:1
FNH:1
LF:2
LH:1
BRF:0
BRH:0
end_of_record
