TN:
SF:src/DLRS.sol
DA:21,40
FN:21,DLRS.onlyDollarStore
FNDA:40,DLRS.onlyDollarStore
DA:22,40
BRDA:22,0,0,1
DA:27,131
FN:27,DLRS.constructor
FNDA:131,DLRS.constructor
DA:28,131
BRDA:28,1,0,1
DA:29,130
DA:33,1
FN:33,DLRS.decimals
FNDA:1,DLRS.decimals
DA:34,1
DA:40,39
FN:40,DLRS.mint
FNDA:39,DLRS.mint
DA:41,39
DA:47,8
FN:47,DLRS.burn
FNDA:8,DLRS.burn
DA:48,8
DA:52,1
FN:52,DLRS.approve
FNDA:1,DLRS.approve
DA:53,1
DA:57,1
FN:57,DLRS.transfer
FNDA:1,DLRS.transfer
DA:58,1
DA:62,1
FN:62,DLRS.transferFrom
FNDA:1,DLRS.transferFrom
DA:63,1
FNF:8
FNH:8
LF:17
LH:17
BRF:2
BRH:2
end_of_record
TN:
SF:src/DollarStore.sol
DA:35,4
FN:35,DollarStore.onlyGovernor
FNDA:4,DollarStore.onlyGovernor
DA:36,4
BRDA:36,0,0,1
DA:41,2
FN:41,DollarStore.onlyGuardian
FNDA:2,DollarStore.onlyGuardian
DA:42,2
BRDA:42,1,0,0
DA:51,138
FN:51,DollarStore.constructor
FNDA:138,DollarStore.constructor
DA:52,0
DA:61,132
FN:61,DollarStore.initialize
FNDA:132,DollarStore.initialize
DA:62,132
BRDA:62,2,0,1
DA:63,131
BRDA:63,3,0,1
DA:65,0
DA:69,130
DA:70,130
DA:71,130
DA:72,130
DA:73,130
DA:74,130
DA:77,130
DA:78,130
DA:79,130
DA:85,5
FN:85,DollarStore.governor
FNDA:5,DollarStore.governor
DA:86,5
DA:90,4
FN:90,DollarStore.guardian
FNDA:4,DollarStore.guardian
DA:91,4
DA:95,5
FN:95,DollarStore.pendingGovernor
FNDA:5,DollarStore.pendingGovernor
DA:96,5
DA:100,3
FN:100,DollarStore.pendingGuardian
FNDA:3,DollarStore.pendingGuardian
DA:101,3
DA:105,100
FN:105,DollarStore.dlrs
FNDA:100,DollarStore.dlrs
DA:106,100
DA:110,1
FN:110,DollarStore.version
FNDA:1,DollarStore.version
DA:111,1
DA:118,5
FN:118,DollarStore.transferGovernor
FNDA:5,DollarStore.transferGovernor
DA:119,5
BRDA:119,4,0,1
DA:120,4
DA:121,4
DA:122,4
DA:127,4
FN:127,DollarStore.acceptGovernor
FNDA:4,DollarStore.acceptGovernor
DA:128,4
DA:129,4
BRDA:129,5,0,1
DA:130,3
DA:131,3
DA:132,3
DA:133,3
DA:140,3
FN:140,DollarStore.transferGuardian
FNDA:3,DollarStore.transferGuardian
DA:141,3
BRDA:141,6,0,1
DA:142,2
DA:143,2
DA:144,2
DA:149,2
FN:149,DollarStore.acceptGuardian
FNDA:2,DollarStore.acceptGuardian
DA:150,2
DA:151,2
BRDA:151,7,0,1
DA:152,1
DA:153,1
DA:154,1
DA:155,1
DA:162,4
FN:162,DollarStore.pause
FNDA:4,DollarStore.pause
DA:163,0
DA:168,2
FN:168,DollarStore.unpause
FNDA:2,DollarStore.unpause
DA:169,0
DA:178,229
FN:178,DollarStore.addHubAsset
FNDA:229,DollarStore.addHubAsset
DA:179,229
BRDA:179,8,0,2
DA:181,227
DA:182,1
BRDA:182,9,0,1
DA:184,226
DA:185,226
DA:187,225
DA:190,225
DA:192,225
DA:196,2
FN:196,DollarStore.isAssetListed
FNDA:2,DollarStore.isAssetListed
DA:197,2
DA:201,3
FN:201,DollarStore.assetDecimals
FNDA:3,DollarStore.assetDecimals
DA:202,3
DA:206,3
FN:206,DollarStore.assetScalingFactor
FNDA:3,DollarStore.assetScalingFactor
DA:207,3
DA:211,1
FN:211,DollarStore.assetPoolId
FNDA:1,DollarStore.assetPoolId
DA:212,1
DA:216,2
FN:216,DollarStore.assetPriceFeed
FNDA:2,DollarStore.assetPriceFeed
DA:217,2
DA:221,32
FN:221,DollarStore.getReserve
FNDA:32,DollarStore.getReserve
DA:222,32
DA:226,1
FN:226,DollarStore.poolCount
FNDA:1,DollarStore.poolCount
DA:227,1
DA:231,4
FN:231,DollarStore.getPoolAssets
FNDA:4,DollarStore.getPoolAssets
DA:232,4
DA:233,4
BRDA:233,10,0,1
DA:234,3
DA:238,2
FN:238,DollarStore.getReserves
FNDA:2,DollarStore.getReserves
DA:244,2
DA:245,2
BRDA:245,11,0,1
DA:246,1
DA:247,1
DA:248,1
DA:249,2
DA:260,48
FN:260,DollarStore.deposit
FNDA:48,DollarStore.deposit
DA:267,48
BRDA:267,12,0,1
DA:269,47
DA:270,47
DA:271,47
BRDA:271,13,0,1
DA:272,46
BRDA:272,14,0,1
DA:273,45
BRDA:273,15,0,0
DA:275,45
DA:277,45
DA:278,38
BRDA:278,16,0,1
DA:281,37
DA:282,37
DA:283,37
DA:284,37
BRDA:284,17,0,1
DA:286,36
DA:287,36
DA:289,36
DA:291,36
DA:297,12
FN:297,DollarStore.withdraw
FNDA:12,DollarStore.withdraw
DA:303,12
BRDA:303,18,0,0
DA:304,12
BRDA:304,19,0,1
DA:306,11
DA:307,11
DA:308,11
BRDA:308,20,0,1
DA:309,10
BRDA:309,21,0,1
DA:310,9
BRDA:310,22,0,0
DA:312,9
DA:313,9
BRDA:313,23,0,1
DA:316,8
DA:317,7
DA:319,7
DA:320,7
DA:322,7
DA:331,43
FN:331,DollarStore.swap
FNDA:43,DollarStore.swap
DA:339,43
BRDA:339,24,0,1
DA:340,42
BRDA:340,25,0,1
DA:342,41
DA:343,38
DA:345,41
DA:346,37
BRDA:346,26,0,1
DA:348,36
DA:350,36
DA:351,35
DA:353,35
BRDA:353,27,0,1
DA:355,34
BRDA:355,28,0,10
DA:356,10
DA:359,34
BRDA:359,29,0,26
DA:360,26
DA:361,0
DA:364,33
DA:369,5
FN:369,DollarStore.swapExactInput
FNDA:5,DollarStore.swapExactInput
DA:376,5
BRDA:376,30,0,1
DA:378,4
DA:379,4
DA:381,4
DA:382,4
BRDA:382,31,0,1
DA:384,3
DA:386,3
DA:387,3
BRDA:387,32,0,1
DA:389,2
DA:390,2
BRDA:390,33,0,1
DA:392,1
DA:393,1
DA:399,6
FN:399,DollarStore.cancelQueue
FNDA:6,DollarStore.cancelQueue
DA:400,6
DA:401,6
BRDA:401,34,0,1
DA:402,5
BRDA:402,35,0,1
DA:403,4
DA:409,3
FN:409,DollarStore.processQueue
FNDA:3,DollarStore.processQueue
DA:416,3
DA:417,3
DA:419,3
DA:420,3
DA:422,7
DA:423,5
DA:424,5
DA:425,5
DA:426,5
DA:428,5
DA:429,5
BRDA:429,36,0,1
DA:431,4
DA:433,3
BRDA:433,37,0,3
BRDA:433,37,1,0
DA:434,3
DA:435,3
DA:436,3
DA:437,3
BRDA:437,38,0,3
BRDA:437,38,1,1
DA:438,2
DA:439,3
DA:441,1
DA:442,1
DA:445,1
DA:446,1
DA:447,1
DA:448,1
DA:451,3
DA:452,4
DA:459,14
FN:459,DollarStore.getQueueDepth
FNDA:14,DollarStore.getQueueDepth
DA:460,14
DA:464,2
FN:464,DollarStore.getQueuePosition
FNDA:2,DollarStore.getQueuePosition
DA:470,2
DA:471,2
DA:475,17
FN:475,DollarStore.getUserQueuePositions
FNDA:17,DollarStore.getUserQueuePositions
DA:476,17
DA:480,1
FN:480,DollarStore.getMinimumOrderSize
FNDA:1,DollarStore.getMinimumOrderSize
DA:481,1
DA:482,1
DA:486,6
FN:486,DollarStore.getSwapQuote
FNDA:6,DollarStore.getSwapQuote
DA:492,6
DA:493,6
DA:494,6
DA:495,6
BRDA:495,39,0,3
DA:496,3
DA:499,3
DA:501,3
BRDA:501,40,0,1
DA:502,1
DA:505,2
DA:506,2
BRDA:506,41,0,1
DA:508,1
DA:509,1
DA:510,1
DA:516,45
FN:516,DollarStore._validateRoute
FNDA:45,DollarStore._validateRoute
DA:521,45
BRDA:521,42,0,1
DA:522,44
DA:523,44
DA:524,44
DA:525,44
BRDA:525,43,0,1
DA:526,43
BRDA:526,44,0,1
DA:527,42
BRDA:527,45,0,0
DA:528,42
DA:529,42
DA:533,39
FN:533,DollarStore._pullExact
FNDA:39,DollarStore._pullExact
DA:534,39
DA:535,39
DA:536,39
DA:537,39
BRDA:537,46,0,1
DA:543,38
FN:543,DollarStore._fillDirected
FNDA:38,DollarStore._fillDirected
DA:550,38
DA:551,38
DA:552,38
DA:555,38
DA:556,44
DA:557,6
DA:558,6
DA:559,6
DA:560,6
DA:561,6
DA:563,5
BRDA:563,47,0,5
BRDA:563,47,1,0
DA:564,5
DA:565,5
DA:566,5
BRDA:566,48,0,5
BRDA:566,48,1,1
DA:567,4
DA:568,5
DA:570,1
DA:571,1
DA:575,1
DA:576,1
DA:577,1
DA:578,1
DA:580,0
DA:584,38
BRDA:584,49,0,34
DA:585,34
BRDA:585,50,0,28
DA:586,28
DA:587,28
DA:588,28
BRDA:588,51,0,10
DA:589,10
DA:590,10
DA:591,10
DA:592,10
DA:600,26
FN:600,DollarStore._enqueueRemainder
FNDA:26,DollarStore._enqueueRemainder
DA:601,26
DA:602,26
DA:603,26
BRDA:603,52,0,0
DA:605,26
DA:607,26
BRDA:607,53,0,1
DA:609,25
DA:610,25
DA:614,15
FN:614,DollarStore._tryTransfer
FNDA:15,DollarStore._tryTransfer
DA:615,15
BRDA:615,54,0,0
DA:616,15
DA:617,15
DA:621,5
FN:621,DollarStore._cancelPosition
FNDA:5,DollarStore._cancelPosition
DA:622,5
DA:623,5
DA:624,5
BRDA:624,55,0,4
BRDA:624,55,1,0
DA:625,4
DA:627,1
DA:628,1
DA:629,1
DA:636,3
FN:636,DollarStore.setPriceFeed
FNDA:3,DollarStore.setPriceFeed
DA:637,3
BRDA:637,56,0,1
DA:638,2
DA:639,2
BRDA:639,57,0,1
DA:640,1
DA:641,1
DA:645,2
FN:645,DollarStore.setPegTolerance
FNDA:2,DollarStore.setPegTolerance
DA:646,2
BRDA:646,58,0,1
DA:647,1
DA:648,1
DA:652,2
FN:652,DollarStore.setMaxStaleness
FNDA:2,DollarStore.setMaxStaleness
DA:653,2
BRDA:653,59,0,1
DA:654,1
DA:655,1
DA:659,3
FN:659,DollarStore.pauseDeposits
FNDA:3,DollarStore.pauseDeposits
DA:660,3
DA:661,3
BRDA:661,60,0,1
DA:662,2
DA:663,2
DA:667,1
FN:667,DollarStore.unpauseDeposits
FNDA:1,DollarStore.unpauseDeposits
DA:668,1
DA:669,1
BRDA:669,61,0,0
DA:670,1
DA:671,1
DA:675,3
FN:675,DollarStore.pausePool
FNDA:3,DollarStore.pausePool
DA:676,3
DA:677,3
BRDA:677,62,0,1
DA:678,2
DA:679,2
DA:683,2
FN:683,DollarStore.unpausePool
FNDA:2,DollarStore.unpausePool
DA:684,2
DA:685,2
BRDA:685,63,0,1
DA:686,1
DA:687,1
DA:692,5
FN:692,DollarStore.syncReserves
FNDA:5,DollarStore.syncReserves
DA:693,5
DA:694,5
DA:695,5
BRDA:695,64,0,1
DA:696,4
BRDA:696,65,0,1
DA:698,3
DA:699,3
DA:700,3
DA:702,3
BRDA:702,66,0,1
DA:703,2
BRDA:703,67,0,1
DA:705,1
DA:706,1
DA:707,1
DA:712,4
FN:712,DollarStore.rescueTokens
FNDA:4,DollarStore.rescueTokens
DA:713,4
BRDA:713,68,0,1
DA:714,3
DA:715,3
DA:717,3
DA:718,3
DA:719,2
BRDA:719,69,0,2
DA:720,2
DA:721,2
DA:723,3
BRDA:723,70,0,1
DA:725,2
DA:726,2
DA:727,2
DA:731,2
FN:731,DollarStore.adminCancelQueue
FNDA:2,DollarStore.adminCancelQueue
DA:732,2
BRDA:732,71,0,1
DA:733,1
DA:739,3
FN:739,DollarStore.isDepositPaused
FNDA:3,DollarStore.isDepositPaused
DA:740,3
DA:744,4
FN:744,DollarStore.isPoolPaused
FNDA:4,DollarStore.isPoolPaused
DA:745,4
DA:746,4
BRDA:746,72,0,1
DA:747,3
DA:751,2
FN:751,DollarStore.pegTolerance
FNDA:2,DollarStore.pegTolerance
DA:752,2
DA:756,2
FN:756,DollarStore.maxStaleness
FNDA:2,DollarStore.maxStaleness
DA:757,2
DA:763,87
FN:763,DollarStore._checkInflow
FNDA:87,DollarStore._checkInflow
DA:764,87
DA:765,87
DA:766,1
BRDA:766,73,0,1
DA:767,1
BRDA:767,74,0,1
DA:768,85
DA:772,85
FN:772,DollarStore._checkPeg
FNDA:85,DollarStore._checkPeg
DA:773,85
DA:774,85
BRDA:774,75,0,0
DA:776,85
DA:777,85
DA:778,85
BRDA:778,76,0,1
DA:779,84
BRDA:779,77,0,1
DA:781,83
DA:782,83
BRDA:782,78,0,1
DA:784,82
DA:785,82
DA:786,82
DA:787,82
DA:788,82
BRDA:788,79,0,3
DA:796,6
FN:796,DollarStore._authorizeUpgrade
FNDA:6,DollarStore._authorizeUpgrade
FNF:60
FNH:60
LF:375
LH:369
BRF:85
BRH:73
end_of_record
TN:
SF:src/libraries/NormalizationLib.sol
DA:25,487
FN:25,NormalizationLib.scalingFactor
FNDA:487,NormalizationLib.scalingFactor
DA:26,487
BRDA:26,0,0,3
DA:27,484
DA:36,337
FN:36,NormalizationLib.toUnits
FNDA:337,NormalizationLib.toUnits
DA:37,337
DA:38,337
DA:45,292
FN:45,NormalizationLib.toNative
FNDA:292,NormalizationLib.toNative
DA:46,292
FNF:3
FNH:3
LF:8
LH:8
BRF:1
BRH:1
end_of_record
TN:
SF:src/libraries/QueueLib.sol
DA:17,33
FN:17,QueueLib.minimumOrderSize
FNDA:33,QueueLib.minimumOrderSize
DA:18,33
DA:19,33
DA:20,33
DA:21,9
DA:23,33
DA:28,25
FN:28,QueueLib.enqueue
FNDA:25,QueueLib.enqueue
DA:35,25
DA:36,25
DA:38,25
DA:39,25
DA:40,25
DA:41,25
DA:42,25
DA:43,25
DA:44,25
DA:45,25
DA:46,25
DA:47,25
DA:49,25
BRDA:49,0,0,20
BRDA:49,0,1,5
DA:50,20
DA:52,5
DA:54,25
DA:55,25
DA:56,25
DA:58,25
DA:59,25
DA:63,2
FN:63,QueueLib.reduce
FNDA:2,QueueLib.reduce
DA:64,2
DA:65,2
DA:66,2
DA:67,2
DA:68,2
DA:75,13
FN:75,QueueLib.remove
FNDA:13,QueueLib.remove
DA:79,13
DA:80,13
DA:81,13
DA:82,13
DA:83,13
DA:85,13
DA:86,13
DA:89,13
BRDA:89,1,0,12
BRDA:89,1,1,1
DA:90,12
DA:92,1
DA:94,13
BRDA:94,2,0,9
BRDA:94,2,1,4
DA:95,9
DA:97,4
DA:100,13
DA:101,13
DA:102,13
DA:104,13
DA:109,13
FN:109,QueueLib._removeUserPosition
FNDA:13,QueueLib._removeUserPosition
DA:110,13
DA:111,13
DA:112,13
DA:113,13
BRDA:113,3,0,13
DA:114,13
DA:115,13
DA:116,0
FNF:5
FNH:5
LF:59
LH:58
BRF:7
BRH:7
end_of_record
TN:
SF:src/storage/CoreStorage.sol
DA:41,685
FN:41,CoreStorage.layout
FNDA:685,CoreStorage.layout
DA:43,0
FNF:1
FNH:1
LF:2
LH:1
BRF:0
BRH:0
end_of_record
TN:
SF:src/storage/QueueStorage.sol
DA:92,132
FN:92,QueueStorage.layout
FNDA:132,QueueStorage.layout
DA:94,0
DA:102,164
FN:102,QueueStorage.queueKey
FNDA:164,QueueStorage.queueKey
DA:103,164
FNF:2
FNH:2
LF:4
LH:3
BRF:0
BRH:0
end_of_record
TN:
SF:src/storage/RegistryStorage.sol
DA:69,689
FN:69,RegistryStorage.layout
FNDA:689,RegistryStorage.layout
DA:71,0
FNF:1
FNH:1
LF:2
LH:1
BRF:0
BRH:0
end_of_record
